{"E:\\code\\frontEnd\\Learn-Algorithms-By-JavaScript\\1-basic\\src\\queue.js":{"path":"E:\\code\\frontEnd\\Learn-Algorithms-By-JavaScript\\1-basic\\src\\queue.js","s":{"1":1,"2":1,"3":1,"4":1,"5":1,"6":1,"7":12,"8":1,"9":5,"10":1,"11":2,"12":2,"13":2,"14":2,"15":1,"16":1,"17":1,"18":2,"19":1,"20":3,"21":1,"22":2,"23":2,"24":2,"25":2,"26":1,"27":2,"28":1},"b":{"1":[1,1],"2":[1,2],"3":[1,1]},"f":{"1":1,"2":12,"3":5,"4":2,"5":3},"fnMap":{"1":{"name":"Queue","line":7,"loc":{"start":{"line":7,"column":0},"end":{"line":7,"column":17}}},"2":{"name":"(anonymous_2)","line":13,"loc":{"start":{"line":13,"column":26},"end":{"line":13,"column":38}}},"3":{"name":"(anonymous_3)","line":17,"loc":{"start":{"line":17,"column":23},"end":{"line":17,"column":35}}},"4":{"name":"(anonymous_4)","line":22,"loc":{"start":{"line":22,"column":26},"end":{"line":22,"column":42}}},"5":{"name":"(anonymous_5)","line":38,"loc":{"start":{"line":38,"column":26},"end":{"line":38,"column":38}}}},"statementMap":{"1":{"start":{"line":1,"column":0},"end":{"line":1,"column":29}},"2":{"start":{"line":7,"column":0},"end":{"line":11,"column":1}},"3":{"start":{"line":8,"column":4},"end":{"line":8,"column":19}},"4":{"start":{"line":9,"column":4},"end":{"line":9,"column":22}},"5":{"start":{"line":10,"column":4},"end":{"line":10,"column":22}},"6":{"start":{"line":13,"column":0},"end":{"line":15,"column":2}},"7":{"start":{"line":14,"column":4},"end":{"line":14,"column":24}},"8":{"start":{"line":17,"column":0},"end":{"line":19,"column":2}},"9":{"start":{"line":18,"column":4},"end":{"line":18,"column":18}},"10":{"start":{"line":22,"column":0},"end":{"line":35,"column":2}},"11":{"start":{"line":23,"column":4},"end":{"line":23,"column":30}},"12":{"start":{"line":24,"column":4},"end":{"line":24,"column":24}},"13":{"start":{"line":25,"column":4},"end":{"line":25,"column":24}},"14":{"start":{"line":27,"column":4},"end":{"line":33,"column":5}},"15":{"start":{"line":29,"column":8},"end":{"line":29,"column":41}},"16":{"start":{"line":31,"column":8},"end":{"line":31,"column":33}},"17":{"start":{"line":32,"column":8},"end":{"line":32,"column":33}},"18":{"start":{"line":34,"column":4},"end":{"line":34,"column":13}},"19":{"start":{"line":38,"column":0},"end":{"line":49,"column":2}},"20":{"start":{"line":39,"column":4},"end":{"line":39,"column":31}},"21":{"start":{"line":39,"column":24},"end":{"line":39,"column":31}},"22":{"start":{"line":41,"column":4},"end":{"line":41,"column":33}},"23":{"start":{"line":42,"column":4},"end":{"line":42,"column":33}},"24":{"start":{"line":43,"column":4},"end":{"line":43,"column":13}},"25":{"start":{"line":45,"column":4},"end":{"line":47,"column":5}},"26":{"start":{"line":46,"column":8},"end":{"line":46,"column":25}},"27":{"start":{"line":48,"column":4},"end":{"line":48,"column":16}},"28":{"start":{"line":54,"column":0},"end":{"line":54,"column":23}}},"branchMap":{"1":{"line":27,"type":"if","locations":[{"start":{"line":27,"column":4},"end":{"line":27,"column":4}},{"start":{"line":27,"column":4},"end":{"line":27,"column":4}}]},"2":{"line":39,"type":"if","locations":[{"start":{"line":39,"column":4},"end":{"line":39,"column":4}},{"start":{"line":39,"column":4},"end":{"line":39,"column":4}}]},"3":{"line":45,"type":"if","locations":[{"start":{"line":45,"column":4},"end":{"line":45,"column":4}},{"start":{"line":45,"column":4},"end":{"line":45,"column":4}}]}}},"E:\\code\\frontEnd\\Learn-Algorithms-By-JavaScript\\1-basic\\src\\node.js":{"path":"E:\\code\\frontEnd\\Learn-Algorithms-By-JavaScript\\1-basic\\src\\node.js","s":{"1":1,"2":2,"3":2,"4":1},"b":{},"f":{"1":2},"fnMap":{"1":{"name":"Node","line":6,"loc":{"start":{"line":6,"column":0},"end":{"line":6,"column":16}}}},"statementMap":{"1":{"start":{"line":6,"column":0},"end":{"line":9,"column":1}},"2":{"start":{"line":7,"column":2},"end":{"line":7,"column":19}},"3":{"start":{"line":8,"column":2},"end":{"line":8,"column":19}},"4":{"start":{"line":11,"column":0},"end":{"line":11,"column":22}}},"branchMap":{}}}