TN:
SF:E:\code\frontEnd\Learn-Algorithms-By-JavaScript\1-basic\src\queue.js
FN:7,Queue
FN:13,(anonymous_2)
FN:17,(anonymous_3)
FN:22,(anonymous_4)
FN:38,(anonymous_5)
FNF:5
FNH:5
FNDA:1,Queue
FNDA:12,(anonymous_2)
FNDA:5,(anonymous_3)
FNDA:2,(anonymous_4)
FNDA:3,(anonymous_5)
DA:1,1
DA:7,1
DA:8,1
DA:9,1
DA:10,1
DA:13,1
DA:14,12
DA:17,1
DA:18,5
DA:22,1
DA:23,2
DA:24,2
DA:25,2
DA:27,2
DA:29,1
DA:31,1
DA:32,1
DA:34,2
DA:38,1
DA:39,3
DA:41,2
DA:42,2
DA:43,2
DA:45,2
DA:46,1
DA:48,2
DA:54,1
LF:27
LH:27
BRDA:27,1,0,1
BRDA:27,1,1,1
BRDA:39,2,0,1
BRDA:39,2,1,2
BRDA:45,3,0,1
BRDA:45,3,1,1
BRF:6
BRH:6
end_of_record
TN:
SF:E:\code\frontEnd\Learn-Algorithms-By-JavaScript\1-basic\src\node.js
FN:6,Node
FNF:1
FNH:1
FNDA:2,Node
DA:6,1
DA:7,2
DA:8,2
DA:11,1
LF:4
LH:4
BRF:0
BRH:0
end_of_record
